Vivado Simulator 2020.2
Copyright 1986-1999, 2001-2020 Xilinx, Inc. All Rights Reserved.
Running: /home/aj/Vivado/2020.2/bin/unwrapped/lnx64.o/xelab -wto 33df6d03e8714a908d19f4f87a2c8e5a --incr --debug typical --relax --mt 8 --maxdelay -L xil_defaultlib -L simprims_ver -L secureip --snapshot tb_main_time_synth -transport_int_delays -pulse_r 0 -pulse_int_r 0 -pulse_e 0 -pulse_int_e 0 xil_defaultlib.tb_main xil_defaultlib.glbl -log elaborate.log 
Using 8 slave threads.
Starting static elaboration
Pass Through NonSizing Optimizer
Completed static elaboration
Starting simulation data flow analysis
Completed simulation data flow analysis
INFO: [XSIM 43-3451] SDF backannotation process started with SDF file "tb_main_time_synth.sdf", for root module "tb_main/UUT".
INFO: [XSIM 43-3452] SDF backannotation was successful for SDF file "tb_main_time_synth.sdf", for root module "tb_main/UUT".
Time Resolution for simulation is 1ps
Compiling module simprims_ver.OBUFT
Compiling module simprims_ver.OBUF
Compiling module simprims_ver.x_lut1_mux2
Compiling module simprims_ver.LUT1
Compiling module simprims_ver.FDRE_default
Compiling module simprims_ver.CARRY4
Compiling module simprims_ver.LUT4
Compiling module simprims_ver.LUT6
Compiling module simprims_ver.latchsre_ldce
Compiling module simprims_ver.LDCE
Compiling module xil_defaultlib.ALU
Compiling module xil_defaultlib.control
Compiling module simprims_ver.BUFG
Compiling module simprims_ver.IBUF
Compiling module simprims_ver.LUT5
Compiling module simprims_ver.x_lut3_mux8
Compiling module simprims_ver.LUT3
Compiling module simprims_ver.x_lut2_mux4
Compiling module simprims_ver.LUT2
Compiling module xil_defaultlib.IF_ID
Compiling module simprims_ver.MUXF8
Compiling module simprims_ver.MUXF7
Compiling module xil_defaultlib.regfile
Compiling module xil_defaultlib.ID_EX
Compiling module xil_defaultlib.EX_MEM
Compiling module xil_defaultlib.MEM_WB
Compiling module xil_defaultlib.processor
Compiling module xil_defaultlib.mem_model
Compiling module xil_defaultlib.mem_prog
Compiling module xil_defaultlib.tb_main
Compiling module xil_defaultlib.glbl
Built simulation snapshot tb_main_time_synth
